----------------------------------------

Marvellous Automation script 
----------------------------------------

Files from the directory are : 

----------------------------------------
Marvellous\Mumbai\Demo.txt
Marvellous\Mumbai\File_Read.py
Marvellous\Mumbai\File_ReadX.py
Marvellous\Mumbai\File_Read_Seek.py
Marvellous\Mumbai\File_Tell.py
Marvellous\Mumbai\File_TellX.py
Marvellous\Pune\Demo.txt
Marvellous\Pune\ScheduleDemo1.py
Marvellous\Pune\ScheduleDemo2.py
Marvellous\Pune\ScheduleDemo3.py
Marvellous\Pune\ScheduleDemo4.py
Marvellous\Satara\AutomationScript1.py
Marvellous\Satara\AutomationScript2.py
Marvellous\Satara\AutomationScript3.py
Marvellous\Satara\AutomationScript4.py
Marvellous\Satara\Demo.txt
----------------------------------------
Log file gets created at :Sun Jul 19 20:12:24 2026
----------------------------------------
